C51 COMPILER V9.00   BUZZER                                                                11/21/2017 19:14:30 PAGE 1   


C51 COMPILER V9.00, COMPILATION OF MODULE BUZZER
OBJECT MODULE PLACED IN ..\output\buzzer.obj
COMPILER INVOKED BY: D:\keil\keillc51\keillc51set\C51\BIN\C51.EXE ..\program\buzzer.c BROWSE INCDIR(..\program) DEBUG OB
                    -JECTEXTEND PRINT(..\listing\buzzer.lst) TABS(2) OBJECT(..\output\buzzer.obj)

line level    source

   1          #include "buzzer.h"
   2          #include"Delay.H"
   3          
   4          sbit buzzer = P5^5;
   5          
   6          void Buzzer(uchar mode)
   7          {
   8   1        switch(mode)
   9   1        {
  10   2          case 0:buzzer=0;Delay(60);buzzer=1;break;   
  11   2          case 1:                                     
  12   2          {
  13   3            buzzer=0;Delay(60);buzzer=1;Delay(60);
  14   3            buzzer=0;Delay(60);buzzer=1;Delay(60);
  15   3            buzzer=0;Delay(60);buzzer=1;    
  16   3          }break;
  17   2          case 2:                                   
  18   2          {
  19   3            buzzer=0;Delay(500);buzzer=1;Delay(200);
  20   3            buzzer=0;Delay(500);buzzer=1;Delay(200);
  21   3            buzzer=0;Delay(500);buzzer=1;
  22   3          }break;
  23   2      //    case 3:break;
  24   2      //    case 4:break;
  25   2      //    case 5:break;
  26   2          default:break;
  27   2        }
  28   1      }


MODULE INFORMATION:   STATIC OVERLAYABLE
   CODE SIZE        =    105    ----
   CONSTANT SIZE    =   ----    ----
   XDATA SIZE       =   ----    ----
   PDATA SIZE       =   ----    ----
   DATA SIZE        =   ----    ----
   IDATA SIZE       =   ----    ----
   BIT SIZE         =   ----    ----
END OF MODULE INFORMATION.


C51 COMPILATION COMPLETE.  0 WARNING(S),  0 ERROR(S)
