C51 COMPILER V9.00   KEY                                                                   11/04/2017 11:00:51 PAGE 1   


C51 COMPILER V9.00, COMPILATION OF MODULE KEY
OBJECT MODULE PLACED IN ..\output\Key.obj
COMPILER INVOKED BY: D:\keil\keillc51\keillc51set\C51\BIN\C51.EXE ..\program\Key.C BROWSE INCDIR(..\program) DEBUG OBJEC
                    -TEXTEND PRINT(..\listing\Key.lst) TABS(2) OBJECT(..\output\Key.obj)

line level    source

   1          /*********************************************************************************
   2          /*文件名：Key.C
   3          /*功能：4*4按键
   4          /*说明：
   5          /*修改日期：2017-06-03
   6          /*作者：c.c.
   7          /*********************************************************************************/
   8          #include"Delay.H"
   9          #include"key.h"
  10          #include "buzzer.h"
  11          /*****************IO****************/
  12          sbit s1 = P3^2;
  13          sbit s2 = P5^2;
  14          sbit s3 = P5^1;
  15          sbit s4 = P5^0;
  16          /***********************************/
  17          unsigned char i=0,j=0,k=0,key;
  18          unsigned char key_scan[]={0x7f,0xbf,0xdf,0xef};
  19          
  20          //void Delay(uint i)
  21          //{
  22          //  while(i--);
  23          //} 
  24          /****************************************************************
  25          /*函数名：KEY16_scan()      
  26          /*功能：按一下只读取一个键值，
  27          /*说明：按键按下后，释放才返回键值。取值范围0~15
  28          /*修改日期：2017-06-03
  29          /*作者：c.c. 
  30          /***************************************************************/
  31          char KEY16_scan()
  32          {
  33   1        uchar kcount=100;
  34   1        for(i=0;i<4;i++)
  35   1        {
  36   2          P7 = key_scan[i];
  37   2          if(P7!=key_scan[i])
  38   2          {
  39   3            Delay(5000);
  40   3            if(P7!=key_scan[i])
  41   3            {
  42   4              k = P7;
  43   4              for(j=0;j<4;j++)
  44   4              {
  45   5                if(!(k & 0x01))
  46   5                {
  47   6                  while(1)    //用户放键再发送键值
  48   6                  {
  49   7                    if(P7==key_scan[i])
  50   7                    {
  51   8                      Delay(100);//10ms 消抖
  52   8                      if(P7==key_scan[i])
  53   8                      {
  54   9      //                  Buzzer(0);
C51 COMPILER V9.00   KEY                                                                   11/04/2017 11:00:51 PAGE 2   

  55   9                        return (j*4+i);
  56   9                      }
  57   8                    }
  58   7                  }
  59   6                }
  60   5                k>>=1;
  61   5              }
  62   4            }
  63   3          }   
  64   2        }
  65   1        return -1;
  66   1      }
  67          
  68          /****************************************************************
  69          /*函数名：KEY16_Flag()      
  70          /*功能：按键标志
  71          /*说明：1表示按键按下
  72          /*修改日期：2017-06-03
  73          /*作者：c.c. 
  74          /***************************************************************/
  75          
  76          uchar KEY16_Flag()
  77          {
  78   1        for(i=0;i<4;i++)
  79   1        {
  80   2          P7 = key_scan[i];
  81   2          if(P7!=key_scan[i])
  82   2          {
  83   3            return 1;
  84   3          }
  85   2        }
  86   1        return 0;
  87   1      }
  88          
  89          /****************************************************************
  90          /*函数名：KEY4_scan()     
  91          /*功能：按一下只读取一个键值，
  92          /*说明：按键按下后，释放才返回键值。取值范围0~3
  93          /*修改日期：2017-11-04
  94          /*作者：c.c. 
  95          /***************************************************************/
  96          uchar KEY4_scan()
  97          {
  98   1        if(s1==0) 
  99   1        {
 100   2          Delay(90);
 101   2          if(s1==0)
 102   2          {
 103   3            Buzzer(0);
 104   3            return 1;
 105   3          }     
 106   2        }
 107   1      
 108   1        if(s2==0) 
 109   1        {
 110   2          Delay(90);
 111   2          if(s2==0)
 112   2          {
 113   3      //      Buzzer(0);
 114   3            return 2;
 115   3          }
 116   2        }
C51 COMPILER V9.00   KEY                                                                   11/04/2017 11:00:51 PAGE 3   

 117   1      
 118   1        if(s3==0) 
 119   1        {
 120   2          Delay(90);
 121   2          if(s3==0)
 122   2          {
 123   3      //      Buzzer(0);
 124   3            return 3;
 125   3          }   
 126   2        }
 127   1      
 128   1        if(s4==0) 
 129   1        {
 130   2          Delay(90);
 131   2          if(s4==0)
 132   2          {
 133   3            Buzzer(0);
 134   3            return 4;
 135   3          } 
 136   2        }
 137   1        return 0;                                                                                                
             -                                                                                                                        
             -                                                                                 
 138   1      }
 139          
 140          
 141          
 142          
 143          
 144          
 145          
 146          
 147          
 148          
 149          


MODULE INFORMATION:   STATIC OVERLAYABLE
   CODE SIZE        =    213    ----
   CONSTANT SIZE    =   ----    ----
   XDATA SIZE       =   ----    ----
   PDATA SIZE       =   ----    ----
   DATA SIZE        =      8       1
   IDATA SIZE       =   ----    ----
   BIT SIZE         =   ----    ----
END OF MODULE INFORMATION.


C51 COMPILATION COMPLETE.  0 WARNING(S),  0 ERROR(S)
